[    0.000000] Initializing cgroup subsys cpuset
[    0.000000] Initializing cgroup subsys cpu
[    0.000000] Initializing cgroup subsys cpuacct
[    0.000000] Linux version 4.4.0-176-generic (buildd@lgw01-amd64-035) (gcc version 5.4.0 20160609 (Ubuntu 5.4.0-6ubuntu1~16.04.12) ) #206-Ubuntu SMP Fri Feb 28 05:02:04 UTC 2020 (Ubuntu 4.4.0-176.206-generic 4.4.211)
[    0.000000] Command line: BOOT_IMAGE=/boot/vmlinuz-4.4.0-176-generic root=UUID=028dcf64-728a-43a3-8470-fbd74a027bdf ro console=tty1 console=ttyS0
[    0.000000] KERNEL supported cpus:
[    0.000000]   Intel GenuineIntel
[    0.000000]   AMD AuthenticAMD
[    0.000000]   Centaur CentaurHauls
[    0.000000] x86/fpu: xstate_offset[2]:  576, xstate_sizes[2]:  256
[    0.000000] x86/fpu: Supporting XSAVE feature 0x01: 'x87 floating point registers'
[    0.000000] x86/fpu: Supporting XSAVE feature 0x02: 'SSE registers'
[    0.000000] x86/fpu: Supporting XSAVE feature 0x04: 'AVX registers'
[    0.000000] x86/fpu: Enabled xstate features 0x7, context size is 832 bytes, using 'standard' format.
[    0.000000] e820: BIOS-provided physical RAM map:
[    0.000000] BIOS-e820: [mem 0x0000000000000000-0x000000000009fbff] usable
[    0.000000] BIOS-e820: [mem 0x000000000009fc00-0x000000000009ffff] reserved
[    0.000000] BIOS-e820: [mem 0x00000000000f0000-0x00000000000fffff] reserved
[    0.000000] BIOS-e820: [mem 0x0000000000100000-0x000000003ffeffff] usable
[    0.000000] BIOS-e820: [mem 0x000000003fff0000-0x000000003fffffff] ACPI data
[    0.000000] BIOS-e820: [mem 0x00000000fec00000-0x00000000fec00fff] reserved
[    0.000000] BIOS-e820: [mem 0x00000000fee00000-0x00000000fee00fff] reserved
[    0.000000] BIOS-e820: [mem 0x00000000fffc0000-0x00000000ffffffff] reserved
[    0.000000] NX (Execute Disable) protection: active
[    0.000000] SMBIOS 2.5 present.
[    0.000000] Hypervisor detected: KVM
[    0.000000] e820: last_pfn = 0x3fff0 max_arch_pfn = 0x400000000
[    0.000000] MTRR: Disabled
[    0.000000] x86/PAT: MTRRs disabled, skipping PAT initialization too.
[    0.000000] CPU MTRRs all blank - virtualized system.
[    0.000000] x86/PAT: Configuration [0-7]: WB  WT  UC- UC  WB  WT  UC- UC  
[    0.000000] found SMP MP-table at [mem 0x0009fff0-0x0009ffff] mapped at [ffff88000009fff0]
[    0.000000] Scanning 1 areas for low memory corruption
[    0.000000] RAMDISK: [mem 0x361cc000-0x370ddfff]
[    0.000000] ACPI: Early table checksum verification disabled
[    0.000000] ACPI: RSDP 0x00000000000E0000 000024 (v02 VBOX  )
[    0.000000] ACPI: XSDT 0x000000003FFF0030 00003C (v01 VBOX   VBOXXSDT 00000001 ASL  00000061)
[    0.000000] ACPI: FACP 0x000000003FFF00F0 0000F4 (v04 VBOX   VBOXFACP 00000001 ASL  00000061)
[    0.000000] ACPI: DSDT 0x000000003FFF0470 0022EA (v02 VBOX   VBOXBIOS 00000002 INTL 20100528)
[    0.000000] ACPI: FACS 0x000000003FFF0200 000040
[    0.000000] ACPI: FACS 0x000000003FFF0200 000040
[    0.000000] ACPI: APIC 0x000000003FFF0240 000054 (v02 VBOX   VBOXAPIC 00000001 ASL  00000061)
[    0.000000] ACPI: SSDT 0x000000003FFF02A0 0001CC (v01 VBOX   VBOXCPUT 00000002 INTL 20100528)
[    0.000000] No NUMA configuration found
[    0.000000] Faking a node at [mem 0x0000000000000000-0x000000003ffeffff]
[    0.000000] NODE_DATA(0) allocated [mem 0x3ffeb000-0x3ffeffff]
[    0.000000] kvm-clock: Using msrs 4b564d01 and 4b564d00
[    0.000000] kvm-clock: cpu 0, msr 0:3ffe3001, primary cpu clock
[    0.000000] kvm-clock: using sched offset of 4460695588 cycles
[    0.000000] clocksource: kvm-clock: mask: 0xffffffffffffffff max_cycles: 0x1cd42e4dffb, max_idle_ns: 881590591483 ns
[    0.000000] Zone ranges:
[    0.000000]   DMA      [mem 0x0000000000001000-0x0000000000ffffff]
[    0.000000]   DMA32    [mem 0x0000000001000000-0x000000003ffeffff]
[    0.000000]   Normal   empty
[    0.000000]   Device   empty
[    0.000000] Movable zone start for each node
[    0.000000] Early memory node ranges
[    0.000000]   node   0: [mem 0x0000000000001000-0x000000000009efff]
[    0.000000]   node   0: [mem 0x0000000000100000-0x000000003ffeffff]
[    0.000000] Initmem setup node 0 [mem 0x0000000000001000-0x000000003ffeffff]
[    0.000000] ACPI: PM-Timer IO Port: 0x4008
[    0.000000] IOAPIC[0]: apic_id 1, version 32, address 0xfec00000, GSI 0-23
[    0.000000] ACPI: INT_SRC_OVR (bus 0 bus_irq 0 global_irq 2 dfl dfl)
[    0.000000] ACPI: INT_SRC_OVR (bus 0 bus_irq 9 global_irq 9 low level)
[    0.000000] Using ACPI (MADT) for SMP configuration information
[    0.000000] smpboot: Allowing 1 CPUs, 0 hotplug CPUs
[    0.000000] PM: Registered nosave memory: [mem 0x00000000-0x00000fff]
[    0.000000] PM: Registered nosave memory: [mem 0x0009f000-0x0009ffff]
[    0.000000] PM: Registered nosave memory: [mem 0x000a0000-0x000effff]
[    0.000000] PM: Registered nosave memory: [mem 0x000f0000-0x000fffff]
[    0.000000] e820: [mem 0x40000000-0xfebfffff] available for PCI devices
[    0.000000] Booting paravirtualized kernel on KVM
[    0.000000] clocksource: refined-jiffies: mask: 0xffffffff max_cycles: 0xffffffff, max_idle_ns: 7645519600211568 ns
[    0.000000] setup_percpu: NR_CPUS:512 nr_cpumask_bits:512 nr_cpu_ids:1 nr_node_ids:1
[    0.000000] PERCPU: Embedded 33 pages/cpu @ffff88003fc00000 s95448 r8192 d31528 u2097152
[    0.000000] Built 1 zonelists in Node order, mobility grouping on.  Total pages: 257912
[    0.000000] Policy zone: DMA32
[    0.000000] Kernel command line: BOOT_IMAGE=/boot/vmlinuz-4.4.0-176-generic root=UUID=028dcf64-728a-43a3-8470-fbd74a027bdf ro console=tty1 console=ttyS0
[    0.000000] PID hash table entries: 4096 (order: 3, 32768 bytes)
[    0.000000] Memory: 997252K/1048120K available (8626K kernel code, 1336K rwdata, 4032K rodata, 1488K init, 1292K bss, 50868K reserved, 0K cma-reserved)
[    0.000000] SLUB: HWalign=64, Order=0-3, MinObjects=0, CPUs=1, Nodes=1
[    0.000000] Kernel/User page tables isolation: enabled
[    0.000000] Hierarchical RCU implementation.
[    0.000000] 	Build-time adjustment of leaf fanout to 64.
[    0.000000] 	RCU restricting CPUs from NR_CPUS=512 to nr_cpu_ids=1.
[    0.000000] RCU: Adjusting geometry for rcu_fanout_leaf=64, nr_cpu_ids=1
[    0.000000] NR_IRQS:33024 nr_irqs:256 16
[    0.000000] Console: colour VGA+ 80x25
[    0.000000] console [tty1] enabled
[    0.000000] console [ttyS0] enabled
[    0.000000] tsc: Detected 3200.000 MHz processor
[    0.272749] Calibrating delay loop (skipped) preset value.. 6400.00 BogoMIPS (lpj=12800000)
[    0.275664] pid_max: default: 32768 minimum: 301
[    0.277300] ACPI: Core revision 20150930
[    0.282560] ACPI: 2 ACPI AML tables successfully acquired and loaded
[    0.284770] Security Framework initialized
[    0.286187] Yama: becoming mindful.
[    0.287484] AppArmor: AppArmor initialized
[    0.289549] Dentry cache hash table entries: 131072 (order: 8, 1048576 bytes)
[    0.293634] Inode-cache hash table entries: 65536 (order: 7, 524288 bytes)
[    0.296081] Mount-cache hash table entries: 2048 (order: 2, 16384 bytes)
[    0.298159] Mountpoint-cache hash table entries: 2048 (order: 2, 16384 bytes)
[    0.300681] Initializing cgroup subsys io
[    0.302140] Initializing cgroup subsys memory
[    0.303720] Initializing cgroup subsys devices
[    0.305366] Initializing cgroup subsys freezer
[    0.306967] Initializing cgroup subsys net_cls
[    0.308596] Initializing cgroup subsys perf_event
[    0.310218] Initializing cgroup subsys net_prio
[    0.311779] Initializing cgroup subsys hugetlb
[    0.313400] Initializing cgroup subsys pids
[    0.315809] mce: CPU supports 0 MCE banks
[    0.317311] process: using mwait in idle threads
[    0.318969] Last level iTLB entries: 4KB 1024, 2MB 1024, 4MB 1024
[    0.320937] Last level dTLB entries: 4KB 1024, 2MB 1024, 4MB 1024, 1GB 4
[    0.323413] Spectre V1 : Mitigation: usercopy/swapgs barriers and __user pointer sanitization
[    0.326709] Spectre V2 : Mitigation: Full generic retpoline
[    0.328828] Spectre V2 : Spectre v2 / SpectreRSB mitigation: Filling RSB on context switch
[    0.332119] Speculative Store Bypass: Vulnerable
[    0.333896] MDS: Vulnerable: Clear CPU buffers attempted, no microcode
[    0.375319] Freeing SMP alternatives memory: 36K
[    0.388593] ftrace: allocating 32305 entries in 127 pages
[    0.503404] smpboot: APIC(0) Converting physical 0 to logical package 0
[    0.505628] smpboot: Max logical packages: 1
[    0.507853] x2apic enabled
[    0.509520] Switched APIC routing to physical x2apic.
[    0.513699] ..TIMER: vector=0x30 apic1=0 pin1=2 apic2=-1 pin2=-1
[    0.624092] smpboot: CPU0: Intel(R) Core(TM) i5-4460  CPU @ 3.20GHz (family: 0x6, model: 0x3c, stepping: 0x3)
[    0.627790] Performance Events: unsupported p6 CPU model 60 no PMU driver, software events only.
[    0.646404] KVM setup paravirtual spinlock
[    0.648672] x86: Booted up 1 node, 1 CPUs
[    0.650136] smpboot: Total of 1 processors activated (6400.00 BogoMIPS)
[    0.652733] devtmpfs: initialized
[    0.665298] evm: security.selinux
[    0.666709] evm: security.SMACK64
[    0.668056] evm: security.SMACK64EXEC
[    0.669727] evm: security.SMACK64TRANSMUTE
[    0.671311] evm: security.SMACK64MMAP
[    0.672947] evm: security.ima
[    0.674453] evm: security.capability
[    0.676137] clocksource: jiffies: mask: 0xffffffff max_cycles: 0xffffffff, max_idle_ns: 7645041785100000 ns
[    0.679263] futex hash table entries: 256 (order: 2, 16384 bytes)
[    0.681285] pinctrl core: initialized pinctrl subsystem
[    0.683149] RTC time: 13:23:06, date: 03/26/20
[    0.684877] NET: Registered protocol family 16
[    0.686776] cpuidle: using governor ladder
[    0.688195] cpuidle: using governor menu
[    0.689608] PCCT header not found.
[    0.691035] ACPI: bus type PCI registered
[    0.692467] acpiphp: ACPI Hot Plug PCI Controller Driver version: 0.5
[    0.694591] PCI: Using configuration type 1 for base access
[    0.699480] ACPI: Added _OSI(Module Device)
[    0.701022] ACPI: Added _OSI(Processor Device)
[    0.702710] ACPI: Added _OSI(3.0 _SCP Extensions)
[    0.704501] ACPI: Added _OSI(Processor Aggregator Device)
[    0.707912] ACPI: Executed 1 blocks of module-level executable AML code
[    0.715640] ACPI: Interpreter enabled
[    0.717072] ACPI: (supports S0 S5)
[    0.718428] ACPI: Using IOAPIC for interrupt routing
[    0.720564] PCI: Using host bridge windows from ACPI; if necessary, use "pci=nocrs" and report a bug
[    0.732251] ACPI: PCI Root Bridge [PCI0] (domain 0000 [bus 00-ff])
[    0.734262] acpi PNP0A03:00: _OSC: OS supports [ASPM ClockPM Segments MSI]
[    0.737369] acpi PNP0A03:00: _OSC: not requesting OS control; OS requires [ExtendedConfig ASPM ClockPM MSI]
[    0.740863] acpi PNP0A03:00: fail to add MMCONFIG information, can't access extended PCI configuration space under this bridge.
[    0.745131] PCI host bridge to bus 0000:00
[    0.746606] pci_bus 0000:00: root bus resource [io  0x0000-0x0cf7 window]
[    0.748753] pci_bus 0000:00: root bus resource [io  0x0d00-0xffff window]
[    0.750980] pci_bus 0000:00: root bus resource [mem 0x000a0000-0x000bffff window]
[    0.753772] pci_bus 0000:00: root bus resource [mem 0x40000000-0xfdffffff window]
[    0.756635] pci_bus 0000:00: root bus resource [bus 00-ff]
[    0.761205] pci 0000:00:01.1: legacy IDE quirk: reg 0x10: [io  0x01f0-0x01f7]
[    0.763446] pci 0000:00:01.1: legacy IDE quirk: reg 0x14: [io  0x03f6]
[    0.765564] pci 0000:00:01.1: legacy IDE quirk: reg 0x18: [io  0x0170-0x0177]
[    0.767770] pci 0000:00:01.1: legacy IDE quirk: reg 0x1c: [io  0x0376]
[    0.785496] pci 0000:00:07.0: quirk: [io  0x4000-0x403f] claimed by PIIX4 ACPI
[    0.808709] pci 0000:00:07.0: quirk: [io  0x4100-0x410f] claimed by PIIX4 SMB
[    0.820172] ACPI: PCI Interrupt Link [LNKA] (IRQs 5 9 10 *11)
[    0.823371] ACPI: PCI Interrupt Link [LNKB] (IRQs 5 9 *10 11)
[    0.826096] ACPI: PCI Interrupt Link [LNKC] (IRQs 5 *9 10 11)
[    0.828795] ACPI: PCI Interrupt Link [LNKD] (IRQs 5 9 10 *11)
[    0.831604] ACPI: Enabled 2 GPEs in block 00 to 07
[    0.833627] vgaarb: setting as boot device: PCI:0000:00:02.0
[    0.835682] vgaarb: device added: PCI:0000:00:02.0,decodes=io+mem,owns=io+mem,locks=none
[    0.838463] vgaarb: loaded
[    0.839661] vgaarb: bridge control possible 0000:00:02.0
[    0.841771] SCSI subsystem initialized
[    0.843215] ACPI: bus type USB registered
[    0.844634] usbcore: registered new interface driver usbfs
[    0.846390] usbcore: registered new interface driver hub
[    0.848159] usbcore: registered new device driver usb
[    0.849997] PCI: Using ACPI for IRQ routing
[    0.852051] NetLabel: Initializing
[    0.853305] NetLabel:  domain hash size = 128
[    0.854762] NetLabel:  protocols = UNLABELED CIPSOv4
[    0.856552] NetLabel:  unlabeled traffic allowed by default
[    0.858608] amd_nb: Cannot enumerate AMD northbridges
[    0.860432] clocksource: Switched to clocksource kvm-clock
[    0.877774] AppArmor: AppArmor Filesystem Enabled
[    0.879563] pnp: PnP ACPI init
[    0.882427] pnp: PnP ACPI: found 3 devices
[    0.891953] clocksource: acpi_pm: mask: 0xffffff max_cycles: 0xffffff, max_idle_ns: 2085701024 ns
[    0.895375] NET: Registered protocol family 2
[    0.897246] TCP established hash table entries: 8192 (order: 4, 65536 bytes)
[    0.899599] TCP bind hash table entries: 8192 (order: 5, 131072 bytes)
[    0.901952] TCP: Hash tables configured (established 8192 bind 8192)
[    0.904146] UDP hash table entries: 512 (order: 2, 16384 bytes)
[    0.906328] UDP-Lite hash table entries: 512 (order: 2, 16384 bytes)
[    0.908447] NET: Registered protocol family 1
[    0.910082] pci 0000:00:00.0: Limiting direct PCI/PCI transfers
[    0.912113] pci 0000:00:01.0: Activating ISA DMA hang workarounds
[    0.914392] Unpacking initramfs...
[    1.377927] Freeing initrd memory: 15432K
[    1.379687] RAPL PMU detected, API unit is 2^-32 Joules, 4 fixed counters 10737418240 ms ovfl timer
[    1.382961] hw unit of domain pp0-core 2^-0 Joules
[    1.384626] hw unit of domain package 2^-0 Joules
[    1.386273] hw unit of domain dram 2^-0 Joules
[    1.387890] hw unit of domain pp1-gpu 2^-0 Joules
[    1.389577] clocksource: tsc: mask: 0xffffffffffffffff max_cycles: 0x2e204a37a46, max_idle_ns: 440795338293 ns
[    1.392996] platform rtc_cmos: registered platform RTC device (no PNP device found)
[    1.395886] Scanning for low memory corruption every 60 seconds
[    1.398289] audit: initializing netlink subsys (disabled)
[    1.400116] audit: type=2000 audit(1585228992.553:1): initialized
[    1.402660] Initialise system trusted keyring
[    1.404428] HugeTLB registered 2 MB page size, pre-allocated 0 pages
[    1.409643] zbud: loaded
[    1.411266] VFS: Disk quotas dquot_6.6.0
[    1.412767] VFS: Dquot-cache hash table entries: 512 (order 0, 4096 bytes)
[    1.415525] squashfs: version 4.0 (2009/01/31) Phillip Lougher
[    1.417899] fuse init (API version 7.23)
[    1.419600] Key type big_key registered
[    1.421101] Allocating IMA MOK and blacklist keyrings.
[    1.423243] Key type asymmetric registered
[    1.424731] Asymmetric key parser 'x509' registered
[    1.426605] Block layer SCSI generic (bsg) driver version 0.4 loaded (major 249)
[    1.429430] io scheduler noop registered
[    1.430929] io scheduler deadline registered (default)
[    1.432815] io scheduler cfq registered
[    1.434397] pci_hotplug: PCI Hot Plug PCI Core version: 0.5
[    1.436282] pciehp: PCI Express Hot Plug Controller Driver version: 0.4
[    1.438758] ACPI: AC Adapter [AC] (on-line)
[    1.440488] input: Power Button as /devices/LNXSYSTM:00/LNXPWRBN:00/input/input0
[    1.443163] ACPI: Power Button [PWRF]
[    1.444717] input: Sleep Button as /devices/LNXSYSTM:00/LNXSLPBN:00/input/input1
[    1.447500] ACPI: Sleep Button [SLPF]
[    1.449137] GHES: HEST is not enabled!
[    1.450657] Serial: 8250/16550 driver, 32 ports, IRQ sharing enabled
[    1.473766] 00:02: ttyS0 at I/O 0x3f8 (irq = 4, base_baud = 115200) is a 16550A
[    1.478669] Linux agpgart interface v0.103
[    1.483006] loop: module loaded
[    1.485205] scsi host0: ata_piix
[    1.486614] scsi host1: ata_piix
[    1.487978] ata1: PATA max UDMA/33 cmd 0x1f0 ctl 0x3f6 bmdma 0xd000 irq 14
[    1.490341] ata2: PATA max UDMA/33 cmd 0x170 ctl 0x376 bmdma 0xd008 irq 15
[    1.493378] libphy: Fixed MDIO Bus: probed
[    1.495028] tun: Universal TUN/TAP device driver, 1.6
[    1.496761] tun: (C) 1999-2004 Max Krasnyansky <maxk@qualcomm.com>
[    1.498850] PPP generic driver version 2.4.2
[    1.500516] ehci_hcd: USB 2.0 'Enhanced' Host Controller (EHCI) Driver
[    1.502669] ehci-pci: EHCI PCI platform driver
[    1.504271] ehci-platform: EHCI generic platform driver
[    1.506186] ohci_hcd: USB 1.1 'Open' Host Controller (OHCI) Driver
[    1.508198] ohci-pci: OHCI PCI platform driver
[    1.509854] ohci-platform: OHCI generic platform driver
[    1.511643] uhci_hcd: USB Universal Host Controller Interface driver
[    1.513868] i8042: PNP: PS/2 Controller [PNP0303:PS2K,PNP0f03:PS2M] at 0x60,0x64 irq 1,12
[    1.517441] serio: i8042 KBD port at 0x60,0x64 irq 1
[    1.519234] serio: i8042 AUX port at 0x60,0x64 irq 12
[    1.521170] mousedev: PS/2 mouse device common for all mice
[    1.523515] input: AT Translated Set 2 keyboard as /devices/platform/i8042/serio0/input/input2
[    1.526996] rtc_cmos rtc_cmos: rtc core: registered rtc_cmos as rtc0
[    1.529360] rtc_cmos rtc_cmos: alarms up to one day, 114 bytes nvram
[    1.531420] i2c /dev entries driver
[    1.532858] device-mapper: uevent: version 1.0.3
[    1.534645] device-mapper: ioctl: 4.34.0-ioctl (2015-10-28) initialised: dm-devel@redhat.com
[    1.537676] ledtrig-cpu: registered to indicate activity on CPUs
[    1.540282] NET: Registered protocol family 10
[    1.542126] NET: Registered protocol family 17
[    1.543747] Key type dns_resolver registered
[    1.545765] registered taskstats version 1
[    1.547419] Loading compiled-in X.509 certificates
[    1.549886] Loaded X.509 cert 'Build time autogenerated kernel key: c2b7431ed9258328a3a0cf301f850647788d8e61'
[    1.553029] zswap: loaded using pool lzo/zbud
[    1.557095] Key type trusted registered
[    1.562989] Key type encrypted registered
[    1.564489] AppArmor: AppArmor sha1 policy hashing enabled
[    1.566209] ima: No TPM chip found, activating TPM-bypass!
[    1.567939] ima: Allocated hash algorithm: sha1
[    1.569511] evm: HMAC attrs: 0x1
[    1.571165]   Magic number: 12:137:383
[    1.572609] rtc_cmos rtc_cmos: setting system clock to 2020-03-26 13:23:07 UTC (1585228987)
[    1.575542] BIOS EDD facility v0.16 2004-Jun-25, 0 devices found
[    1.577448] EDD information not available.
[    1.652473] Freeing unused kernel memory: 1488K
[    1.654143] Write protecting the kernel read-only data: 14336k
[    1.656789] Freeing unused kernel memory: 1604K
[    1.658699] Freeing unused kernel memory: 64K
Loading, please wait...
starting version 229
[    1.678272] random: udevadm: uninitialized urandom read (16 bytes read, 3 bits of entropy available)
[    1.682455] random: systemd-udevd: uninitialized urandom read (16 bytes read, 3 bits of entropy available)
[    1.685848] random: systemd-udevd: uninitialized urandom read (16 bytes read, 3 bits of entropy available)
[    1.689305] random: udevadm: uninitialized urandom read (16 bytes read, 3 bits of entropy available)
[    1.693054] random: systemd-udevd: uninitialized urandom read (16 bytes read, 3 bits of entropy available)
[    1.700861] random: systemd-udevd: uninitialized urandom read (16 bytes read, 3 bits of entropy available)
[    1.712191] random: systemd-udevd: uninitialized urandom read (16 bytes read, 3 bits of entropy available)
[    1.716982] random: systemd-udevd: uninitialized urandom read (16 bytes read, 3 bits of entropy available)
[    1.722590] random: systemd-udevd: uninitialized urandom read (16 bytes read, 3 bits of entropy available)
[    1.727664] random: udevadm: uninitialized urandom read (16 bytes read, 3 bits of entropy available)
[    1.829802] e1000: Intel(R) PRO/1000 Network Driver - version 7.3.21-k8-NAPI
[    1.832049] e1000: Copyright (c) 1999-2006 Intel Corporation.
[    1.835371] Fusion MPT base driver 3.04.20
[    1.836883] Copyright (c) 1999-2008 LSI Corporation
[    1.875169] Fusion MPT SPI Host driver 3.04.20
[    1.912139] AVX2 version of gcm_enc/dec engaged.
[    1.913889] AES CTR mode by8 optimization enabled
[    2.050884] input: ImExPS/2 Generic Explorer Mouse as /devices/platform/i8042/serio1/input/input4
[    2.320559] e1000 0000:00:03.0 eth0: (PCI:33MHz:32-bit) 02:dd:a3:75:e5:c1
[    2.322895] e1000 0000:00:03.0 eth0: Intel(R) PRO/1000 Network Connection
[    2.326386] mptbase: ioc0: Initiating bringup
[    2.388835] ioc0: LSI53C1030 A0: Capabilities={Initiator}
[    2.550158] scsi host2: ioc0: LSI53C1030 A0, FwRev=00000000h, Ports=1, MaxQ=256, IRQ=20
[    2.666986] scsi 2:0:0:0: Direct-Access     VBOX     HARDDISK         1.0  PQ: 0 ANSI: 5
[    2.669890] scsi target2:0:0: Beginning Domain Validation
[    2.672884] scsi target2:0:0: Domain Validation skipping write tests
[    2.674973] scsi target2:0:0: Ending Domain Validation
[    2.676855] scsi target2:0:0: asynchronous
[    2.679101] scsi 2:0:1:0: Direct-Access     VBOX     HARDDISK         1.0  PQ: 0 ANSI: 5
[    2.682278] scsi target2:0:1: Beginning Domain Validation
[    2.764924] scsi target2:0:1: Domain Validation skipping write tests
[    2.767007] scsi target2:0:1: Ending Domain Validation
[    2.769090] scsi target2:0:1: asynchronous
[    2.913393] sd 2:0:0:0: Attached scsi generic sg0 type 0
[    2.915429] sd 2:0:0:0: [sda] 20971520 512-byte logical blocks: (10.7 GB/10.0 GiB)
[    2.918619] sd 2:0:1:0: [sdb] 20480 512-byte logical blocks: (10.5 MB/10.0 MiB)
[    2.921409] sd 2:0:1:0: Attached scsi generic sg1 type 0
[    2.923572] sd 2:0:1:0: [sdb] Write Protect is off
[    2.925338] sd 2:0:0:0: [sda] Write Protect is off
[    2.932995] sd 2:0:1:0: [sdb] Incomplete mode parameter data
[    2.934993] sd 2:0:1:0: [sdb] Assuming drive cache: write through
[    2.936943] sd 2:0:0:0: [sda] Incomplete mode parameter data
[    2.938929] sd 2:0:0:0: [sda] Assuming drive cache: write through
[    3.120833] e1000 0000:00:08.0 eth1: (PCI:33MHz:32-bit) 08:00:27:39:65:ed
[    3.123134] e1000 0000:00:08.0 eth1: Intel(R) PRO/1000 Network Connection
[    3.126627] e1000 0000:00:08.0 enp0s8: renamed from eth1
[    3.130836] e1000 0000:00:03.0 enp0s3: renamed from eth0
[    3.270888]  sda: sda1
[    3.273080] sd 2:0:0:0: [sda] Attached SCSI disk
[    3.305851] sd 2:0:1:0: [sdb] Attached SCSI disk
Begin: Loading essential drivers ... [    5.112035] md: linear personality registered for level -1
[    5.117796] md: multipath personality registered for level -4
[    5.123942] md: raid0 personality registered for level 0
[    5.131064] md: raid1 personality registered for level 1
[    5.204866] raid6: sse2x1   gen()  2793 MB/s
[    5.272702] raid6: sse2x1   xor()  1793 MB/s
[    5.340446] raid6: sse2x2   gen()  4671 MB/s
[    5.408713] raid6: sse2x2   xor()  2998 MB/s
[    5.476539] raid6: sse2x4   gen()  7286 MB/s
[    5.544792] raid6: sse2x4   xor()  4348 MB/s
[    5.612564] raid6: avx2x1   gen()  5857 MB/s
[    5.680864] raid6: avx2x2   gen() 11028 MB/s
[    5.748646] raid6: avx2x4   gen() 14266 MB/s
[    5.750276] raid6: using algorithm avx2x4 gen() 14266 MB/s
[    5.752113] raid6: using avx2x2 recovery algorithm
[    5.756218] xor: automatically using best checksumming function:
[    5.796928]    avx       : 18757.000 MB/sec
[    5.800564] async_tx: api initialized (async)
[    5.819041] md: raid6 personality registered for level 6
[    5.820878] md: raid5 personality registered for level 5
[    5.822765] md: raid4 personality registered for level 4
[    5.833613] md: raid10 personality registered for level 10
done.
Begin: Running /scripts/init-premount ... done.
Begin: Mounting root file system ... Begin: Running /scripts/local-top ... done.
Begin: Running /scripts/local-premount ... [    5.894818] Btrfs loaded
Scanning for Btrfs filesystems
done.
Warning: fsck not present, so skipping root file system
[    5.931903] EXT4-fs (sda1): mounted filesystem with ordered data mode. Opts: (null)
done.
Begin: Running /scripts/local-bottom ... done.
Begin: Running /scripts/init-bottom ... done.
[    6.090494] systemd[1]: systemd 229 running in system mode. (+PAM +AUDIT +SELINUX +IMA +APPARMOR +SMACK +SYSVINIT +UTMP +LIBCRYPTSETUP +GCRYPT +GNUTLS +ACL +XZ -LZ4 +SECCOMP +BLKID +ELFUTILS +KMOD -IDN)
[    6.096851] systemd[1]: Detected virtualization oracle.
[    6.098624] systemd[1]: Detected architecture x86-64.

Welcome to [1mUbuntu 16.04.6 LTS[0m!

[    6.104844] systemd[1]: Set hostname to <ubuntu-xenial>.
[    6.302509] systemd[1]: Started Forward Password Requests to Wall Directory Watch.
[[0;32m  OK  [0m] Started Forward Password Requests to Wall Directory Watch.
[    6.307377] systemd[1]: Listening on Journal Audit Socket.
[[0;32m  OK  [0m] Listening on Journal Audit Socket.
[    6.310634] systemd[1]: Listening on udev Control Socket.
[[0;32m  OK  [0m] Listening on udev Control Socket.
[    6.313789] systemd[1]: Started Trigger resolvconf update for networkd DNS.
[[0;32m  OK  [0m] Started Trigger resolvconf update for networkd DNS.
[    6.317576] systemd[1]: Listening on Journal Socket (/dev/log).
[[0;32m  OK  [0m] Listening on Journal Socket (/dev/log).
[    6.321525] systemd[1]: Created slice User and Session Slice.
[[0;32m  OK  [0m] Created slice User and Session Slice.
[    6.325239] systemd[1]: Created slice System Slice.
[[0;32m  OK  [0m] Created slice System Slice.
[    6.328627] systemd[1]: Created slice system-serial\x2dgetty.slice.
[[0;32m  OK  [0m] Created slice system-serial\x2dgetty.slice.
[    6.332177] systemd[1]: Reached target Encrypted Volumes.
[[0;32m  OK  [0m] Reached target Encrypted Volumes.
[    6.335349] systemd[1]: Listening on LVM2 poll daemon socket.
[[0;32m  OK  [0m] Listening on LVM2 poll daemon socket.
[    6.338636] systemd[1]: Listening on udev Kernel Socket.
[[0;32m  OK  [0m] Listening on udev Kernel Socket.
[    6.341973] systemd[1]: Set up automount Arbitrary Executable File Formats File System Automount Point.
[[0;32m  OK  [0m] Set up automount Arbitrary Executab...ats File System Automount Point.
[    6.346926] systemd[1]: Listening on Device-mapper event daemon FIFOs.
[[0;32m  OK  [0m] Listening on Device-mapper event daemon FIFOs.
[    6.350542] systemd[1]: Reached target Slices.
[[0;32m  OK  [0m] Reached target Slices.
[    6.353317] systemd[1]: Listening on /dev/initctl Compatibility Named Pipe.
[[0;32m  OK  [0m] Listening on /dev/initctl Compatibility Named Pipe.
[    6.357068] systemd[1]: Reached target System Time Synchronized.
[[0;32m  OK  [0m] Reached target System Time Synchronized.
[    6.360079] systemd[1]: Listening on Syslog Socket.
[[0;32m  OK  [0m] Listening on Syslog Socket.
[    6.363078] systemd[1]: Listening on Journal Socket.
[[0;32m  OK  [0m] Listening on Journal Socket.
[    6.367288] systemd[1]: Mounting POSIX Message Queue File System...
         Mounting POSIX Message Queue File System...
[    6.373570] systemd[1]: Starting Remount Root and Kernel File Systems...
         Starting Remount Root and Kernel File Systems...
[    6.382657] systemd[1]: Mounting Debug File System...
[    6.387154] EXT4-fs (sda1): re-mounted. Opts: (null)
         Mounting Debug File System...
[    6.395647] systemd[1]: Starting Create list of required static device nodes for the current kernel...
         Starting Create list of required st... nodes for the current kernel...
[    6.404625] systemd[1]: Starting Journal Service...
         Starting Journal Service...
[    6.410016] systemd[1]: Starting Nameserver information manager...
         Starting Nameserver information manager...
[    6.420327] systemd[1]: Starting Load Kernel Modules...
         Starting Load Kernel Modules...
[    6.430037] systemd[1]: Starting Set console keymap...
         Starting Set console keymap...
[    6.441949] systemd[1]: Reached target Swap.
[[0;32m  OK  [0m] Reached target Swap.
[    6.446680] Loading iSCSI transport class v2.0-870.
[    6.449761] systemd[1]: Starting Uncomplicated firewall...
         Starting Uncomplicated firewall...
[    6.456687] systemd[1]: Listening on LVM2 metadata daemon socket.
[[0;32m  OK  [0m] Listening on LVM2 metadata daemon socket.
[    6.465858] systemd[1]: Starting Monitoring of LVM2 mirrors, snapshots etc. using dmeventd or progress polling...
         Starting Monitoring of LVM2 mirrors... dmeventd or progress polling...
[    6.481215] systemd[1]: Mounting Huge Pages File System...
         Mounting Huge Pages File System...
[    6.489505] systemd[1]: Reached target User and Group Name Lookups.
[[0;32m  OK  [0m] Reached target User and Group Name Lookups.
[    6.499005] systemd[1]: Mounted POSIX Message Queue File System.
[[0;32m  OK  [0m] Mounted POSIX Message Queue File System.
[    6.507348] systemd[1]: Mounted Huge Pages File System.
[[0;32m  OK  [0m] Mounted Huge Pages File System.
[    6.514081] systemd[1]: Mounted Debug File System.
[[0;32m  OK  [0m] Mounted Debug File System.
[    6.521685] systemd[1]: Started Remount Root and Kernel File Systems.
[[0;32m  OK  [0m] Started Remount Root and Kernel File Systems.
[    6.530943] iscsi: registered transport (tcp)
[    6.533589] systemd[1]: Started Create list of required static device nodes for the current kernel.
[[0;32m  OK  [0m] Started Create list of required sta...ce nodes for the current kernel.
[    6.545223] systemd[1]: Started Uncomplicated firewall.
[[0;32m  OK  [0m] Started Uncomplicated firewall.
[    6.558132] systemd[1]: Started LVM2 metadata daemon.
[[0;32m  OK  [0m] Started LVM2 metadata daemon.
[    6.569467] systemd[1]: Starting Create Static Device Nodes in /dev...
         Starting Create Static Device Nodes in /dev...
[    6.583024] systemd[1]: Starting Load/Save Random Seed...
         Starting Load/Save Random Seed...
[    6.593506] systemd[1]: Starting udev Coldplug all Devices...
         Starting udev Coldplug all Devices...
[    6.605325] systemd[1]: Started Nameserver information manager.
[[0;32m  OK  [0m] Started Nameserver information manager.
[    6.615329] systemd[1]: Started Load/Save Random Seed.
[[0;32m  OK  [0m] Started Load/Save Random Seed.
[    6.638669] systemd[1]: Started Create Static Device Nodes in /dev.
[[0;32m  OK  [0m] Started Create Static Device Nodes in /dev.
[    6.647503] systemd[1]: Starting udev Kernel Device Manager...
         Starting udev Kernel Device Manager...
[    6.654910] systemd[1]: Started Journal Service.
[[0;32m  OK  [0m] Started Journal Service.
         Starting Flush Journal to Persistent Storage...
[    6.685903] systemd-journald[383]: Received request to flush runtime journal from PID 1
[[0;32m  OK  [0m] Started Flush Journal to Persistent Storage.
[[0;32m  OK  [0m] Started udev Kernel Device Manager.
[    6.763451] iscsi: registered transport (iser)
[[0;32m  OK  [0m] Started Load Kernel Modules.
         Mounting FUSE Control File System...
         Starting Apply Kernel Variables...
[    6.792678] random: nonblocking pool is initialized
[[0;32m  OK  [0m] Mounted FUSE Control File System.
[[0;32m  OK  [0m] Started Apply Kernel Variables.
[[0;32m  OK  [0m] Started Monitoring of LVM2 mirrors,...ng dmeventd or progress polling.
[[0;32m  OK  [0m] Started udev Coldplug all Devices.
[[0;32m  OK  [0m] Started Set console keymap.
[[0;32m  OK  [0m] Started Dispatch Password Requests to Console Directory Watch.
[[0;32m  OK  [0m] Reached target Local File Systems (Pre).
[[0;32m  OK  [0m] Reached target Local File Systems.
         Starting LSB: AppArmor initialization...
         Starting Set console font and keymap...
         Starting Create Volatile Files and Directories...
         Starting Initial cloud-init job (pre-networking)...
         Starting Tell Plymouth To Write Out Runtime Data...
[[0;32m  OK  [0m] Started Tell Plymouth To Write Out Runtime Data.
[[0;32m  OK  [0m] Started Create Volatile Files and Directories.
         Starting Update UTMP about System Boot/Shutdown...
[[0;32m  OK  [0m] Started Update UTMP about System Boot/Shutdown.
[[0;32m  OK  [0m] Started LSB: AppArmor initialization.
[[0;32m  OK  [0m] Found device /dev/ttyS0.
[[0;32m  OK  [0m] Listening on Load/Save RF Kill Switch Status /dev/rfkill Watch.
[[0;32m  OK  [0m] Found device 82540EM Gigabit Ethern...r (PRO/1000 MT Desktop Adapter).
[[0;32m  OK  [0m] Found device 82540EM Gigabit Ethern...r (PRO/1000 MT Desktop Adapter).
[    9.347863] cloud-init[492]: Cloud-init v. 19.4-33-gbb4131a2-0ubuntu1~16.04.1 running 'init-local' at Thu, 26 Mar 2020 13:23:14 +0000. Up 8.58 seconds.
[[0;32m  OK  [0m] Started Initial cloud-init job (pre-networking).
[[0;32m  OK  [0m] Reached target Network (Pre).
[[0;32m  OK  [0m] Started ifup for enp0s3.
         Starting Raise network interfaces...
[[0;32m  OK  [0m] Started ifup for enp0s8.
[[0;32m  OK  [0m] Started Set console font and keymap.
[[0;32m  OK  [0m] Created slice system-getty.slice.
[[0;32m  OK  [0m] Started Raise network interfaces.
         Starting Initial cloud-init job (metadata service crawler)...
[[0;32m  OK  [0m] Reached target Network.
[   11.567471] cloud-init[1080]: Cloud-init v. 19.4-33-gbb4131a2-0ubuntu1~16.04.1 running 'init' at Thu, 26 Mar 2020 13:23:17 +0000. Up 11.07 seconds.
[   11.570013] cloud-init[1080]: ci-info: ++++++++++++++++++++++++++++++++++++++Net device info+++++++++++++++++++++++++++++++++++++++
[   11.576368] cloud-init[1080]: ci-info: +--------+------+-----------------------------+---------------+--------+-------------------+
[   11.578955] cloud-init[1080]: ci-info: | Device |  Up  |           Address           |      Mask     | Scope  |     Hw-Address    |
[   11.585048] cloud-init[1080]: ci-info: +--------+------+-----------------------------+---------------+--------+-------------------+
[   11.592493] cloud-init[1080]: ci-info: | enp0s3 | True |          10.0.2.15          | 255.255.255.0 | global | 02:dd:a3:75:e5:c1 |
[   11.595232] cloud-init[1080]: ci-info: | enp0s3 | True |  fe80::dd:a3ff:fe75:e5c1/64 |       .       |  link  | 02:dd:a3:75:e5:c1 |
[   11.601750] cloud-init[1080]: ci-info: | enp0s8 | True |        192.168.25.20        | 255.255.255.0 | global | 08:00:27:39:65:ed |
[   11.608526] cloud-init[1080]: ci-info: | enp0s8 | True | fe80::a00:27ff:fe39:65ed/64 |       .       |  link  | 08:00:27:39:65:ed |
[   11.611823] cloud-init[1080]: ci-info: |   lo   | True |          127.0.0.1          |   255.0.0.0   |  host  |         .         |
[   11.618594] cloud-init[1080]: ci-info: |   lo   | True |           ::1/128           |       .       |  host  |         .         |
[   11.625010] cloud-init[1080]: ci-info: +--------+------+-----------------------------+---------------+--------+-------------------+
[   11.627679] cloud-init[1080]: ci-info: ++++++++++++++++++++++++++++Route IPv4 info++++++++++++++++++++++++++++
[   11.633930] cloud-init[1080]: ci-info: +-------+--------------+----------+---------------+-----------+-------+
[   11.640528] cloud-init[1080]: ci-info: | Route | Destination  | Gateway  |    Genmask    | Interface | Flags |
[   11.643124] cloud-init[1080]: ci-info: +-------+--------------+----------+---------------+-----------+-------+
[   11.648500] cloud-init[1080]: ci-info: |   0   |   0.0.0.0    | 10.0.2.2 |    0.0.0.0    |   enp0s3  |   UG  |
[   11.652380] cloud-init[1080]: ci-info: |   1   |   10.0.2.0   | 0.0.0.0  | 255.255.255.0 |   enp0s3  |   U   |
[   11.660283] cloud-init[1080]: ci-info: |   2   | 192.168.25.0 | 0.0.0.0  | 255.255.255.0 |   enp0s8  |   U   |
[   11.662755] cloud-init[1080]: ci-info: +-------+--------------+----------+---------------+-----------+-------+
[   11.669117] cloud-init[1080]: ci-info: +++++++++++++++++++Route IPv6 info+++++++++++++++++++
[   11.672416] cloud-init[1080]: ci-info: +-------+-------------+---------+-----------+-------+
[   11.680337] cloud-init[1080]: ci-info: | Route | Destination | Gateway | Interface | Flags |
[   11.682664] cloud-init[1080]: ci-info: +-------+-------------+---------+-----------+-------+
[   11.688718] cloud-init[1080]: ci-info: |   0   |  fe80::/64  |    ::   |   enp0s8  |   U   |
[   11.692369] cloud-init[1080]: ci-info: |   1   |  fe80::/64  |    ::   |   enp0s3  |   U   |
[   11.696366] cloud-init[1080]: ci-info: |   5   |   ff00::/8  |    ::   |   enp0s8  |   U   |
[   11.701875] cloud-init[1080]: ci-info: |   6   |   ff00::/8  |    ::   |   enp0s3  |   U   |
[[0;32m  OK  [0m] Started Initial cloud-init job (metadata service crawler).
[[0;32m  OK  [0m] Reached target Cloud-config availability.
[[0;32m  OK  [0m] Reached target Network is Online.
[   11.707996] cloud-init[1080]: ci-info: +-------+-------------+---------+-----------+-------+
         Starting iSCSI initiator daemon (iscsid)...
[[0;32m  OK  [0m] Reached target System Initialization.
[[0;32m  OK  [0m] Started Message of the Day.
[[0;32m  OK  [0m] Started Daily apt download activities.
[[0;32m  OK  [0m] Listening on UUID daemon activation socket.
[[0;32m  OK  [0m] Started Daily Cleanup of Temporary Directories.
[[0;32m  OK  [0m] Listening on D-Bus System Message Bus Socket.
[[0;32m  OK  [0m] Started Daily apt upgrade and clean activities.
[[0;32m  OK  [0m] Started ACPI Events Check.
[[0;32m  OK  [0m] Reached target Paths.
         Starting Socket activation for snappy daemon.
[[0;32m  OK  [0m] Started Clean PHP session files every 30 mins.
[[0;32m  OK  [0m] Reached target Timers.
         Starting LXD - unix socket.
[[0;32m  OK  [0m] Listening on ACPID Listen Socket.
[[0;32m  OK  [0m] Listening on Socket activation for snappy daemon.
[[0;32m  OK  [0m] Listening on LXD - unix socket.
[[0;32m  OK  [0m] Reached target Sockets.
[[0;32m  OK  [0m] Reached target Basic System.
         Starting Virtualbox guest utils...
[[0;32m  OK  [0m] Started Regular background program processing daemon.
         Starting Advanced key-value store...
         Starting MySQL Community Server...
         Starting OpenBSD Secure Shell server...
         Starting Accounts Service...
         Starting Message of the Day...
         Starting A high performance web server and a reverse proxy server...
[[0;32m  OK  [0m] Started ACPI event daemon.
         Starting Login Service...
         Starting System Logging Service...
         Starting The PHP 7.3 FastCGI Process Manager...
[[0;32m  OK  [0m] Started D-Bus System Message Bus.
         Starting LSB: Record successful boot for GRUB...
[[0;32m  OK  [0m] Started Deferred execution scheduler.
         Starting Clean php session files...
[[0;32m  OK  [0m] Started FUSE filesystem for LXC.
         Starting LXD - container startup/shutdown...
         Starting LSB: MD monitoring daemon...
         Starting /etc/rc.local Compatibility...
         Starting Snappy daemon...
[[0;32m  OK  [0m] Started System Logging Service.
[[0;32m  OK  [0m] Started iSCSI initiator daemon (iscsid).
[[0;32m  OK  [0m] Started /etc/rc.local Compatibility.
         Starting Authenticate and Authorize Users to Run Privileged Tasks...
         Starting Login to default iSCSI targets...
[[0;32m  OK  [0m] Started Login Service.
[[0;32m  OK  [0m] Started Unattended Upgrades Shutdown.
[[0;32m  OK  [0m] Started OpenBSD Secure Shell server.
[[0;32m  OK  [0m] Started LSB: Record successful boot for GRUB.
[[0;32m  OK  [0m] Started Authenticate and Authorize Users to Run Privileged Tasks.
[[0;32m  OK  [0m] Started Accounts Service.
[[0;32m  OK  [0m] Started LSB: MD monitoring daemon.
[[0;32m  OK  [0m] Started Login to default iSCSI targets.
[[0;32m  OK  [0m] Reached target Remote File Systems (Pre).
[[0;32m  OK  [0m] Reached target Remote File Systems.
         Starting LSB: automatic crash report generation...
         Starting LSB: Set the CPU Frequency Scaling governor to "ondemand"...
         Starting Permit User Sessions...
         Starting LSB: daemon to balance interrupts for SMP systems...
[[0;32m  OK  [0m] Started Permit User Sessions.
         Starting Terminate Plymouth Boot Screen...
         Starting Hold until boot process finishes up...
[[0;32m  OK  [0m] Started Hold until boot process finishes up.
[[0;32m  OK  [0m] Started Terminate Plymouth Boot Screen.
[[0;32m  OK  [0m] Started Getty on tty1.
[[0;32m  OK  [0m] Started Serial Getty on ttyS0.
[[0;32m  OK  [0m] Reached target Login Prompts.
         Starting Set console scheme...
[[0;32m  OK  [0m] Started Set console scheme.
[[0;32m  OK  [0m] Started LXD - container startup/shutdown.
[[0;32m  OK  [0m] Started LSB: Set the CPU Frequency Scaling governor to "ondemand".
[[0;32m  OK  [0m] Started LSB: automatic crash report generation.
[[0;32m  OK  [0m] Started LSB: daemon to balance interrupts for SMP systems.
[[0;32m  OK  [0m] Created slice User Slice of vagrant.
         Starting User Manager for UID 1000...
[[0;32m  OK  [0m] Started Session 1 of user vagrant.
[[0;32m  OK  [0m] Started User Manager for UID 1000.
[[0;32m  OK  [0m] Started A high performance web server and a reverse proxy server.
[[0;32m  OK  [0m] Started Advanced key-value store.
[[0;32m  OK  [0m] Started Virtualbox guest utils.
[[0;32m  OK  [0m] Started Snappy daemon.
         Starting Wait until snapd is fully seeded...
[[0;32m  OK  [0m] Started Wait until snapd is fully seeded.
         Starting Apply the settings specified in cloud-config...
[[0;32m  OK  [0m] Started The PHP 7.3 FastCGI Process Manager.
[[0;32m  OK  [0m] Started Clean php session files.
[[0;32m  OK  [0m] Started MySQL Community Server.
[[0;32m  OK  [0m] Reached target Multi-User System.
[[0;32m  OK  [0m] Reached target Graphical Interface.
         Starting Update UTMP about System Runlevel Changes...
[[0;32m  OK  [0m] Started Update UTMP about System Runlevel Changes.
[   17.793067] cloud-init[1518]: Cloud-init v. 19.4-33-gbb4131a2-0ubuntu1~16.04.1 running 'modules:config' at Thu, 26 Mar 2020 13:23:23 +0000. Up 17.40 seconds.

Ubuntu 16.04.6 LTS ubuntu-xenial ttyS0

ubuntu-xenial login: [   19.456254] cloud-init[1746]: Cloud-init v. 19.4-33-gbb4131a2-0ubuntu1~16.04.1 running 'modules:final' at Thu, 26 Mar 2020 13:23:25 +0000. Up 18.93 seconds.
[   19.459207] cloud-init[1746]: Cloud-init v. 19.4-33-gbb4131a2-0ubuntu1~16.04.1 finished at Thu, 26 Mar 2020 13:23:25 +0000. Datasource DataSourceNoCloud [seed=/dev/sdb][dsmode=net].  Up 19.43 seconds
